This is pdfTeX, Version 3.14159265-2.6-1.40.20 (TeX Live 2019/Arch Linux) (preloaded format=pdflatex 2020.1.12)  17 JAN 2020 21:52
entering extended mode
 restricted \write18 enabled.
 %&-line parsing enabled.
**/home/faye/.dotfiles/texinput/.texinput/includes
(/home/faye/.dotfiles/texinput/.texinput/includes.tex
LaTeX2e <2019-10-01> patch level 1

! LaTeX Error: \usepackage before \documentclass.

See the LaTeX manual or LaTeX Companion for explanation.
Type  H <return>  for immediate help.
 ...                                              
                                                  
l.1 \usepackage{
                amsmath, amssymb, amsthm}
? 
! Emergency stop.
 ...                                              
                                                  
l.1 \usepackage{
                amsmath, amssymb, amsthm}
\usepackage may only appear in the document preamble, i.e.,
between \documentclass and \begin{document}.

 
Here is how much of TeX's memory you used:
 7 strings out of 492167
 442 string characters out of 6131558
 59406 words of memory out of 5000000
 4468 multiletter control sequences out of 15000+600000
 3640 words of font info for 14 fonts, out of 8000000 for 9000
 1141 hyphenation exceptions out of 8191
 5i,0n,5p,88b,14s stack positions out of 5000i,500n,10000p,200000b,80000s
!  ==> Fatal error occurred, no output PDF file produced!
